The system is: Linux - 4.15.0-42-generic - x86_64
Compiling the C compiler identification source file "CMakeCCompilerId.c" succeeded.
Compiler: /home/artfin/psi4conda/bin/cc 
Build flags: 
Id flags:  

The output was:
0


Compilation of the C compiler identification source "CMakeCCompilerId.c" produced "a.out"

The C compiler identification is GNU, found in "/home/artfin/Desktop/repos/manolopoulos/CMakeFiles/3.10.2/CompilerIdC/a.out"

Compiling the CXX compiler identification source file "CMakeCXXCompilerId.cpp" succeeded.
Compiler: /home/artfin/psi4conda/bin/c++ 
Build flags: 
Id flags:  

The output was:
0


Compilation of the CXX compiler identification source "CMakeCXXCompilerId.cpp" produced "a.out"

The CXX compiler identification is GNU, found in "/home/artfin/Desktop/repos/manolopoulos/CMakeFiles/3.10.2/CompilerIdCXX/a.out"

Determining if the C compiler works passed with the following output:
Change Dir: /home/artfin/Desktop/repos/manolopoulos/CMakeFiles/CMakeTmp

Run Build Command:"/usr/bin/make" "cmTC_15a08/fast"
make[1]: Entering directory '/home/artfin/Desktop/repos/manolopoulos/CMakeFiles/CMakeTmp'
/usr/bin/make -f CMakeFiles/cmTC_15a08.dir/build.make CMakeFiles/cmTC_15a08.dir/build
make[2]: Entering directory '/home/artfin/Desktop/repos/manolopoulos/CMakeFiles/CMakeTmp'
Building C object CMakeFiles/cmTC_15a08.dir/testCCompiler.c.o
/home/artfin/psi4conda/bin/cc    -o CMakeFiles/cmTC_15a08.dir/testCCompiler.c.o   -c /home/artfin/Desktop/repos/manolopoulos/CMakeFiles/CMakeTmp/testCCompiler.c
Linking C executable cmTC_15a08
/usr/bin/cmake -E cmake_link_script CMakeFiles/cmTC_15a08.dir/link.txt --verbose=1
/home/artfin/psi4conda/bin/cc      CMakeFiles/cmTC_15a08.dir/testCCompiler.c.o  -o cmTC_15a08 
make[2]: Leaving directory '/home/artfin/Desktop/repos/manolopoulos/CMakeFiles/CMakeTmp'
make[1]: Leaving directory '/home/artfin/Desktop/repos/manolopoulos/CMakeFiles/CMakeTmp'


Detecting C compiler ABI info compiled with the following output:
Change Dir: /home/artfin/Desktop/repos/manolopoulos/CMakeFiles/CMakeTmp

Run Build Command:"/usr/bin/make" "cmTC_d73da/fast"
make[1]: Entering directory '/home/artfin/Desktop/repos/manolopoulos/CMakeFiles/CMakeTmp'
/usr/bin/make -f CMakeFiles/cmTC_d73da.dir/build.make CMakeFiles/cmTC_d73da.dir/build
make[2]: Entering directory '/home/artfin/Desktop/repos/manolopoulos/CMakeFiles/CMakeTmp'
Building C object CMakeFiles/cmTC_d73da.dir/CMakeCCompilerABI.c.o
/home/artfin/psi4conda/bin/cc    -o CMakeFiles/cmTC_d73da.dir/CMakeCCompilerABI.c.o   -c /usr/share/cmake-3.10/Modules/CMakeCCompilerABI.c
Linking C executable cmTC_d73da
/usr/bin/cmake -E cmake_link_script CMakeFiles/cmTC_d73da.dir/link.txt --verbose=1
/home/artfin/psi4conda/bin/cc     -v CMakeFiles/cmTC_d73da.dir/CMakeCCompilerABI.c.o  -o cmTC_d73da 
Reading specs from /home/artfin/psi4conda/lib/gcc/x86_64-unknown-linux-gnu/5.2.0/specs
COLLECT_GCC=/home/artfin/psi4conda/bin/cc
COLLECT_LTO_WRAPPER=/home/artfin/psi4conda/gcc/libexec/gcc/x86_64-unknown-linux-gnu/5.2.0/lto-wrapper
Target: x86_64-unknown-linux-gnu
Configured with: ./configure --prefix=/home/artfin/psi4conda/gcc --with-gxx-include-dir=/home/artfin/psi4conda/gcc/include/c++ --bindir=/home/artfin/psi4conda/bin --datarootdir=/home/artfin/psi4conda/share --libdir=/home/artfin/psi4conda/lib --with-gmp=/home/artfin/psi4conda --with-mpfr=/home/artfin/psi4conda --with-mpc=/home/artfin/psi4conda --with-isl=/home/artfin/psi4conda --with-cloog=/home/artfin/psi4conda --enable-checking=release --with-tune=generic --disable-multilib
Thread model: posix
gcc version 5.2.0 (GCC) 
COMPILER_PATH=/home/artfin/psi4conda/gcc/libexec/gcc/x86_64-unknown-linux-gnu/5.2.0/:/home/artfin/psi4conda/gcc/libexec/gcc/x86_64-unknown-linux-gnu/5.2.0/:/home/artfin/psi4conda/gcc/libexec/gcc/x86_64-unknown-linux-gnu/:/home/artfin/psi4conda/lib/gcc/x86_64-unknown-linux-gnu/5.2.0/:/home/artfin/psi4conda/lib/gcc/x86_64-unknown-linux-gnu/
LIBRARY_PATH=/home/artfin/psi4conda/lib/gcc/x86_64-unknown-linux-gnu/5.2.0/:/lib/../lib64/:/home/artfin/psi4conda/lib/gcc/x86_64-unknown-linux-gnu/5.2.0/../../../:/lib/:/usr/lib/
COLLECT_GCC_OPTIONS='-v' '-o' 'cmTC_d73da' '-mtune=generic' '-march=x86-64'
 /home/artfin/psi4conda/gcc/libexec/gcc/x86_64-unknown-linux-gnu/5.2.0/collect2 --eh-frame-hdr -m elf_x86_64 -dynamic-linker /lib64/ld-linux-x86-64.so.2 -o cmTC_d73da /home/artfin/psi4conda/lib/gcc/x86_64-unknown-linux-gnu/5.2.0/crt1.o /home/artfin/psi4conda/lib/gcc/x86_64-unknown-linux-gnu/5.2.0/crti.o /home/artfin/psi4conda/lib/gcc/x86_64-unknown-linux-gnu/5.2.0/crtbegin.o -L/home/artfin/psi4conda/lib/gcc/x86_64-unknown-linux-gnu/5.2.0 -L/lib/../lib64 -L/home/artfin/psi4conda/lib/gcc/x86_64-unknown-linux-gnu/5.2.0/../../.. CMakeFiles/cmTC_d73da.dir/CMakeCCompilerABI.c.o -lgcc --as-needed -lgcc_s --no-as-needed -lc -lgcc --as-needed -lgcc_s --no-as-needed /home/artfin/psi4conda/lib/gcc/x86_64-unknown-linux-gnu/5.2.0/crtend.o /home/artfin/psi4conda/lib/gcc/x86_64-unknown-linux-gnu/5.2.0/crtn.o
make[2]: Leaving directory '/home/artfin/Desktop/repos/manolopoulos/CMakeFiles/CMakeTmp'
make[1]: Leaving directory '/home/artfin/Desktop/repos/manolopoulos/CMakeFiles/CMakeTmp'


Parsed C implicit link information from above output:
  link line regex: [^( *|.*[/\])(ld|CMAKE_LINK_STARTFILE-NOTFOUND|([^/\]+-)?ld|collect2)[^/\]*( |$)]
  ignore line: [Change Dir: /home/artfin/Desktop/repos/manolopoulos/CMakeFiles/CMakeTmp]
  ignore line: []
  ignore line: [Run Build Command:"/usr/bin/make" "cmTC_d73da/fast"]
  ignore line: [make[1]: Entering directory '/home/artfin/Desktop/repos/manolopoulos/CMakeFiles/CMakeTmp']
  ignore line: [/usr/bin/make -f CMakeFiles/cmTC_d73da.dir/build.make CMakeFiles/cmTC_d73da.dir/build]
  ignore line: [make[2]: Entering directory '/home/artfin/Desktop/repos/manolopoulos/CMakeFiles/CMakeTmp']
  ignore line: [Building C object CMakeFiles/cmTC_d73da.dir/CMakeCCompilerABI.c.o]
  ignore line: [/home/artfin/psi4conda/bin/cc    -o CMakeFiles/cmTC_d73da.dir/CMakeCCompilerABI.c.o   -c /usr/share/cmake-3.10/Modules/CMakeCCompilerABI.c]
  ignore line: [Linking C executable cmTC_d73da]
  ignore line: [/usr/bin/cmake -E cmake_link_script CMakeFiles/cmTC_d73da.dir/link.txt --verbose=1]
  ignore line: [/home/artfin/psi4conda/bin/cc     -v CMakeFiles/cmTC_d73da.dir/CMakeCCompilerABI.c.o  -o cmTC_d73da ]
  ignore line: [Reading specs from /home/artfin/psi4conda/lib/gcc/x86_64-unknown-linux-gnu/5.2.0/specs]
  ignore line: [COLLECT_GCC=/home/artfin/psi4conda/bin/cc]
  ignore line: [COLLECT_LTO_WRAPPER=/home/artfin/psi4conda/gcc/libexec/gcc/x86_64-unknown-linux-gnu/5.2.0/lto-wrapper]
  ignore line: [Target: x86_64-unknown-linux-gnu]
  ignore line: [Configured with: ./configure --prefix=/home/artfin/psi4conda/gcc --with-gxx-include-dir=/home/artfin/psi4conda/gcc/include/c++ --bindir=/home/artfin/psi4conda/bin --datarootdir=/home/artfin/psi4conda/share --libdir=/home/artfin/psi4conda/lib --with-gmp=/home/artfin/psi4conda --with-mpfr=/home/artfin/psi4conda --with-mpc=/home/artfin/psi4conda --with-isl=/home/artfin/psi4conda --with-cloog=/home/artfin/psi4conda --enable-checking=release --with-tune=generic --disable-multilib]
  ignore line: [Thread model: posix]
  ignore line: [gcc version 5.2.0 (GCC) ]
  ignore line: [COMPILER_PATH=/home/artfin/psi4conda/gcc/libexec/gcc/x86_64-unknown-linux-gnu/5.2.0/:/home/artfin/psi4conda/gcc/libexec/gcc/x86_64-unknown-linux-gnu/5.2.0/:/home/artfin/psi4conda/gcc/libexec/gcc/x86_64-unknown-linux-gnu/:/home/artfin/psi4conda/lib/gcc/x86_64-unknown-linux-gnu/5.2.0/:/home/artfin/psi4conda/lib/gcc/x86_64-unknown-linux-gnu/]
  ignore line: [LIBRARY_PATH=/home/artfin/psi4conda/lib/gcc/x86_64-unknown-linux-gnu/5.2.0/:/lib/../lib64/:/home/artfin/psi4conda/lib/gcc/x86_64-unknown-linux-gnu/5.2.0/../../../:/lib/:/usr/lib/]
  ignore line: [COLLECT_GCC_OPTIONS='-v' '-o' 'cmTC_d73da' '-mtune=generic' '-march=x86-64']
  link line: [ /home/artfin/psi4conda/gcc/libexec/gcc/x86_64-unknown-linux-gnu/5.2.0/collect2 --eh-frame-hdr -m elf_x86_64 -dynamic-linker /lib64/ld-linux-x86-64.so.2 -o cmTC_d73da /home/artfin/psi4conda/lib/gcc/x86_64-unknown-linux-gnu/5.2.0/crt1.o /home/artfin/psi4conda/lib/gcc/x86_64-unknown-linux-gnu/5.2.0/crti.o /home/artfin/psi4conda/lib/gcc/x86_64-unknown-linux-gnu/5.2.0/crtbegin.o -L/home/artfin/psi4conda/lib/gcc/x86_64-unknown-linux-gnu/5.2.0 -L/lib/../lib64 -L/home/artfin/psi4conda/lib/gcc/x86_64-unknown-linux-gnu/5.2.0/../../.. CMakeFiles/cmTC_d73da.dir/CMakeCCompilerABI.c.o -lgcc --as-needed -lgcc_s --no-as-needed -lc -lgcc --as-needed -lgcc_s --no-as-needed /home/artfin/psi4conda/lib/gcc/x86_64-unknown-linux-gnu/5.2.0/crtend.o /home/artfin/psi4conda/lib/gcc/x86_64-unknown-linux-gnu/5.2.0/crtn.o]
    arg [/home/artfin/psi4conda/gcc/libexec/gcc/x86_64-unknown-linux-gnu/5.2.0/collect2] ==> ignore
    arg [--eh-frame-hdr] ==> ignore
    arg [-m] ==> ignore
    arg [elf_x86_64] ==> ignore
    arg [-dynamic-linker] ==> ignore
    arg [/lib64/ld-linux-x86-64.so.2] ==> ignore
    arg [-o] ==> ignore
    arg [cmTC_d73da] ==> ignore
    arg [/home/artfin/psi4conda/lib/gcc/x86_64-unknown-linux-gnu/5.2.0/crt1.o] ==> ignore
    arg [/home/artfin/psi4conda/lib/gcc/x86_64-unknown-linux-gnu/5.2.0/crti.o] ==> ignore
    arg [/home/artfin/psi4conda/lib/gcc/x86_64-unknown-linux-gnu/5.2.0/crtbegin.o] ==> ignore
    arg [-L/home/artfin/psi4conda/lib/gcc/x86_64-unknown-linux-gnu/5.2.0] ==> dir [/home/artfin/psi4conda/lib/gcc/x86_64-unknown-linux-gnu/5.2.0]
    arg [-L/lib/../lib64] ==> dir [/lib/../lib64]
    arg [-L/home/artfin/psi4conda/lib/gcc/x86_64-unknown-linux-gnu/5.2.0/../../..] ==> dir [/home/artfin/psi4conda/lib/gcc/x86_64-unknown-linux-gnu/5.2.0/../../..]
    arg [CMakeFiles/cmTC_d73da.dir/CMakeCCompilerABI.c.o] ==> ignore
    arg [-lgcc] ==> lib [gcc]
    arg [--as-needed] ==> ignore
    arg [-lgcc_s] ==> lib [gcc_s]
    arg [--no-as-needed] ==> ignore
    arg [-lc] ==> lib [c]
    arg [-lgcc] ==> lib [gcc]
    arg [--as-needed] ==> ignore
    arg [-lgcc_s] ==> lib [gcc_s]
    arg [--no-as-needed] ==> ignore
    arg [/home/artfin/psi4conda/lib/gcc/x86_64-unknown-linux-gnu/5.2.0/crtend.o] ==> ignore
    arg [/home/artfin/psi4conda/lib/gcc/x86_64-unknown-linux-gnu/5.2.0/crtn.o] ==> ignore
  collapse library dir [/home/artfin/psi4conda/lib/gcc/x86_64-unknown-linux-gnu/5.2.0] ==> [/home/artfin/psi4conda/lib/gcc/x86_64-unknown-linux-gnu/5.2.0]
  collapse library dir [/lib/../lib64] ==> [/lib64]
  collapse library dir [/home/artfin/psi4conda/lib/gcc/x86_64-unknown-linux-gnu/5.2.0/../../..] ==> [/home/artfin/psi4conda/lib]
  implicit libs: [gcc;gcc_s;c;gcc;gcc_s]
  implicit dirs: [/home/artfin/psi4conda/lib/gcc/x86_64-unknown-linux-gnu/5.2.0;/lib64;/home/artfin/psi4conda/lib]
  implicit fwks: []




Detecting C [-std=c11] compiler features compiled with the following output:
Change Dir: /home/artfin/Desktop/repos/manolopoulos/CMakeFiles/CMakeTmp

Run Build Command:"/usr/bin/make" "cmTC_7a6a7/fast"
make[1]: Entering directory '/home/artfin/Desktop/repos/manolopoulos/CMakeFiles/CMakeTmp'
/usr/bin/make -f CMakeFiles/cmTC_7a6a7.dir/build.make CMakeFiles/cmTC_7a6a7.dir/build
make[2]: Entering directory '/home/artfin/Desktop/repos/manolopoulos/CMakeFiles/CMakeTmp'
Building C object CMakeFiles/cmTC_7a6a7.dir/feature_tests.c.o
/home/artfin/psi4conda/bin/cc   -std=c11 -o CMakeFiles/cmTC_7a6a7.dir/feature_tests.c.o   -c /home/artfin/Desktop/repos/manolopoulos/CMakeFiles/feature_tests.c
Linking C executable cmTC_7a6a7
/usr/bin/cmake -E cmake_link_script CMakeFiles/cmTC_7a6a7.dir/link.txt --verbose=1
/home/artfin/psi4conda/bin/cc      CMakeFiles/cmTC_7a6a7.dir/feature_tests.c.o  -o cmTC_7a6a7 
make[2]: Leaving directory '/home/artfin/Desktop/repos/manolopoulos/CMakeFiles/CMakeTmp'
make[1]: Leaving directory '/home/artfin/Desktop/repos/manolopoulos/CMakeFiles/CMakeTmp'


    Feature record: C_FEATURE:1c_function_prototypes
    Feature record: C_FEATURE:1c_restrict
    Feature record: C_FEATURE:1c_static_assert
    Feature record: C_FEATURE:1c_variadic_macros


Detecting C [-std=c99] compiler features compiled with the following output:
Change Dir: /home/artfin/Desktop/repos/manolopoulos/CMakeFiles/CMakeTmp

Run Build Command:"/usr/bin/make" "cmTC_37b1d/fast"
make[1]: Entering directory '/home/artfin/Desktop/repos/manolopoulos/CMakeFiles/CMakeTmp'
/usr/bin/make -f CMakeFiles/cmTC_37b1d.dir/build.make CMakeFiles/cmTC_37b1d.dir/build
make[2]: Entering directory '/home/artfin/Desktop/repos/manolopoulos/CMakeFiles/CMakeTmp'
Building C object CMakeFiles/cmTC_37b1d.dir/feature_tests.c.o
/home/artfin/psi4conda/bin/cc   -std=c99 -o CMakeFiles/cmTC_37b1d.dir/feature_tests.c.o   -c /home/artfin/Desktop/repos/manolopoulos/CMakeFiles/feature_tests.c
Linking C executable cmTC_37b1d
/usr/bin/cmake -E cmake_link_script CMakeFiles/cmTC_37b1d.dir/link.txt --verbose=1
/home/artfin/psi4conda/bin/cc      CMakeFiles/cmTC_37b1d.dir/feature_tests.c.o  -o cmTC_37b1d 
make[2]: Leaving directory '/home/artfin/Desktop/repos/manolopoulos/CMakeFiles/CMakeTmp'
make[1]: Leaving directory '/home/artfin/Desktop/repos/manolopoulos/CMakeFiles/CMakeTmp'


    Feature record: C_FEATURE:1c_function_prototypes
    Feature record: C_FEATURE:1c_restrict
    Feature record: C_FEATURE:0c_static_assert
    Feature record: C_FEATURE:1c_variadic_macros


Detecting C [-std=c90] compiler features compiled with the following output:
Change Dir: /home/artfin/Desktop/repos/manolopoulos/CMakeFiles/CMakeTmp

Run Build Command:"/usr/bin/make" "cmTC_8c763/fast"
make[1]: Entering directory '/home/artfin/Desktop/repos/manolopoulos/CMakeFiles/CMakeTmp'
/usr/bin/make -f CMakeFiles/cmTC_8c763.dir/build.make CMakeFiles/cmTC_8c763.dir/build
make[2]: Entering directory '/home/artfin/Desktop/repos/manolopoulos/CMakeFiles/CMakeTmp'
Building C object CMakeFiles/cmTC_8c763.dir/feature_tests.c.o
/home/artfin/psi4conda/bin/cc   -std=c90 -o CMakeFiles/cmTC_8c763.dir/feature_tests.c.o   -c /home/artfin/Desktop/repos/manolopoulos/CMakeFiles/feature_tests.c
Linking C executable cmTC_8c763
/usr/bin/cmake -E cmake_link_script CMakeFiles/cmTC_8c763.dir/link.txt --verbose=1
/home/artfin/psi4conda/bin/cc      CMakeFiles/cmTC_8c763.dir/feature_tests.c.o  -o cmTC_8c763 
make[2]: Leaving directory '/home/artfin/Desktop/repos/manolopoulos/CMakeFiles/CMakeTmp'
make[1]: Leaving directory '/home/artfin/Desktop/repos/manolopoulos/CMakeFiles/CMakeTmp'


    Feature record: C_FEATURE:1c_function_prototypes
    Feature record: C_FEATURE:0c_restrict
    Feature record: C_FEATURE:0c_static_assert
    Feature record: C_FEATURE:0c_variadic_macros
Determining if the CXX compiler works passed with the following output:
Change Dir: /home/artfin/Desktop/repos/manolopoulos/CMakeFiles/CMakeTmp

Run Build Command:"/usr/bin/make" "cmTC_ba23f/fast"
make[1]: Entering directory '/home/artfin/Desktop/repos/manolopoulos/CMakeFiles/CMakeTmp'
/usr/bin/make -f CMakeFiles/cmTC_ba23f.dir/build.make CMakeFiles/cmTC_ba23f.dir/build
make[2]: Entering directory '/home/artfin/Desktop/repos/manolopoulos/CMakeFiles/CMakeTmp'
Building CXX object CMakeFiles/cmTC_ba23f.dir/testCXXCompiler.cxx.o
/home/artfin/psi4conda/bin/c++     -o CMakeFiles/cmTC_ba23f.dir/testCXXCompiler.cxx.o -c /home/artfin/Desktop/repos/manolopoulos/CMakeFiles/CMakeTmp/testCXXCompiler.cxx
Linking CXX executable cmTC_ba23f
/usr/bin/cmake -E cmake_link_script CMakeFiles/cmTC_ba23f.dir/link.txt --verbose=1
/home/artfin/psi4conda/bin/c++       CMakeFiles/cmTC_ba23f.dir/testCXXCompiler.cxx.o  -o cmTC_ba23f 
make[2]: Leaving directory '/home/artfin/Desktop/repos/manolopoulos/CMakeFiles/CMakeTmp'
make[1]: Leaving directory '/home/artfin/Desktop/repos/manolopoulos/CMakeFiles/CMakeTmp'


Detecting CXX compiler ABI info compiled with the following output:
Change Dir: /home/artfin/Desktop/repos/manolopoulos/CMakeFiles/CMakeTmp

Run Build Command:"/usr/bin/make" "cmTC_fa723/fast"
make[1]: Entering directory '/home/artfin/Desktop/repos/manolopoulos/CMakeFiles/CMakeTmp'
/usr/bin/make -f CMakeFiles/cmTC_fa723.dir/build.make CMakeFiles/cmTC_fa723.dir/build
make[2]: Entering directory '/home/artfin/Desktop/repos/manolopoulos/CMakeFiles/CMakeTmp'
Building CXX object CMakeFiles/cmTC_fa723.dir/CMakeCXXCompilerABI.cpp.o
/home/artfin/psi4conda/bin/c++     -o CMakeFiles/cmTC_fa723.dir/CMakeCXXCompilerABI.cpp.o -c /usr/share/cmake-3.10/Modules/CMakeCXXCompilerABI.cpp
Linking CXX executable cmTC_fa723
/usr/bin/cmake -E cmake_link_script CMakeFiles/cmTC_fa723.dir/link.txt --verbose=1
/home/artfin/psi4conda/bin/c++      -v CMakeFiles/cmTC_fa723.dir/CMakeCXXCompilerABI.cpp.o  -o cmTC_fa723 
Reading specs from /home/artfin/psi4conda/lib/gcc/x86_64-unknown-linux-gnu/5.2.0/specs
COLLECT_GCC=/home/artfin/psi4conda/bin/c++
COLLECT_LTO_WRAPPER=/home/artfin/psi4conda/gcc/libexec/gcc/x86_64-unknown-linux-gnu/5.2.0/lto-wrapper
Target: x86_64-unknown-linux-gnu
Configured with: ./configure --prefix=/home/artfin/psi4conda/gcc --with-gxx-include-dir=/home/artfin/psi4conda/gcc/include/c++ --bindir=/home/artfin/psi4conda/bin --datarootdir=/home/artfin/psi4conda/share --libdir=/home/artfin/psi4conda/lib --with-gmp=/home/artfin/psi4conda --with-mpfr=/home/artfin/psi4conda --with-mpc=/home/artfin/psi4conda --with-isl=/home/artfin/psi4conda --with-cloog=/home/artfin/psi4conda --enable-checking=release --with-tune=generic --disable-multilib
Thread model: posix
gcc version 5.2.0 (GCC) 
COMPILER_PATH=/home/artfin/psi4conda/gcc/libexec/gcc/x86_64-unknown-linux-gnu/5.2.0/:/home/artfin/psi4conda/gcc/libexec/gcc/x86_64-unknown-linux-gnu/5.2.0/:/home/artfin/psi4conda/gcc/libexec/gcc/x86_64-unknown-linux-gnu/:/home/artfin/psi4conda/lib/gcc/x86_64-unknown-linux-gnu/5.2.0/:/home/artfin/psi4conda/lib/gcc/x86_64-unknown-linux-gnu/
LIBRARY_PATH=/home/artfin/psi4conda/lib/gcc/x86_64-unknown-linux-gnu/5.2.0/:/lib/../lib64/:/home/artfin/psi4conda/lib/gcc/x86_64-unknown-linux-gnu/5.2.0/../../../:/lib/:/usr/lib/
COLLECT_GCC_OPTIONS='-v' '-o' 'cmTC_fa723' '-shared-libgcc' '-mtune=generic' '-march=x86-64'
 /home/artfin/psi4conda/gcc/libexec/gcc/x86_64-unknown-linux-gnu/5.2.0/collect2 --eh-frame-hdr -m elf_x86_64 -dynamic-linker /lib64/ld-linux-x86-64.so.2 -o cmTC_fa723 /home/artfin/psi4conda/lib/gcc/x86_64-unknown-linux-gnu/5.2.0/crt1.o /home/artfin/psi4conda/lib/gcc/x86_64-unknown-linux-gnu/5.2.0/crti.o /home/artfin/psi4conda/lib/gcc/x86_64-unknown-linux-gnu/5.2.0/crtbegin.o -L/home/artfin/psi4conda/lib/gcc/x86_64-unknown-linux-gnu/5.2.0 -L/lib/../lib64 -L/home/artfin/psi4conda/lib/gcc/x86_64-unknown-linux-gnu/5.2.0/../../.. CMakeFiles/cmTC_fa723.dir/CMakeCXXCompilerABI.cpp.o -lstdc++ -lm -lgcc_s -lgcc -lc -lgcc_s -lgcc /home/artfin/psi4conda/lib/gcc/x86_64-unknown-linux-gnu/5.2.0/crtend.o /home/artfin/psi4conda/lib/gcc/x86_64-unknown-linux-gnu/5.2.0/crtn.o
make[2]: Leaving directory '/home/artfin/Desktop/repos/manolopoulos/CMakeFiles/CMakeTmp'
make[1]: Leaving directory '/home/artfin/Desktop/repos/manolopoulos/CMakeFiles/CMakeTmp'


Parsed CXX implicit link information from above output:
  link line regex: [^( *|.*[/\])(ld|CMAKE_LINK_STARTFILE-NOTFOUND|([^/\]+-)?ld|collect2)[^/\]*( |$)]
  ignore line: [Change Dir: /home/artfin/Desktop/repos/manolopoulos/CMakeFiles/CMakeTmp]
  ignore line: []
  ignore line: [Run Build Command:"/usr/bin/make" "cmTC_fa723/fast"]
  ignore line: [make[1]: Entering directory '/home/artfin/Desktop/repos/manolopoulos/CMakeFiles/CMakeTmp']
  ignore line: [/usr/bin/make -f CMakeFiles/cmTC_fa723.dir/build.make CMakeFiles/cmTC_fa723.dir/build]
  ignore line: [make[2]: Entering directory '/home/artfin/Desktop/repos/manolopoulos/CMakeFiles/CMakeTmp']
  ignore line: [Building CXX object CMakeFiles/cmTC_fa723.dir/CMakeCXXCompilerABI.cpp.o]
  ignore line: [/home/artfin/psi4conda/bin/c++     -o CMakeFiles/cmTC_fa723.dir/CMakeCXXCompilerABI.cpp.o -c /usr/share/cmake-3.10/Modules/CMakeCXXCompilerABI.cpp]
  ignore line: [Linking CXX executable cmTC_fa723]
  ignore line: [/usr/bin/cmake -E cmake_link_script CMakeFiles/cmTC_fa723.dir/link.txt --verbose=1]
  ignore line: [/home/artfin/psi4conda/bin/c++      -v CMakeFiles/cmTC_fa723.dir/CMakeCXXCompilerABI.cpp.o  -o cmTC_fa723 ]
  ignore line: [Reading specs from /home/artfin/psi4conda/lib/gcc/x86_64-unknown-linux-gnu/5.2.0/specs]
  ignore line: [COLLECT_GCC=/home/artfin/psi4conda/bin/c++]
  ignore line: [COLLECT_LTO_WRAPPER=/home/artfin/psi4conda/gcc/libexec/gcc/x86_64-unknown-linux-gnu/5.2.0/lto-wrapper]
  ignore line: [Target: x86_64-unknown-linux-gnu]
  ignore line: [Configured with: ./configure --prefix=/home/artfin/psi4conda/gcc --with-gxx-include-dir=/home/artfin/psi4conda/gcc/include/c++ --bindir=/home/artfin/psi4conda/bin --datarootdir=/home/artfin/psi4conda/share --libdir=/home/artfin/psi4conda/lib --with-gmp=/home/artfin/psi4conda --with-mpfr=/home/artfin/psi4conda --with-mpc=/home/artfin/psi4conda --with-isl=/home/artfin/psi4conda --with-cloog=/home/artfin/psi4conda --enable-checking=release --with-tune=generic --disable-multilib]
  ignore line: [Thread model: posix]
  ignore line: [gcc version 5.2.0 (GCC) ]
  ignore line: [COMPILER_PATH=/home/artfin/psi4conda/gcc/libexec/gcc/x86_64-unknown-linux-gnu/5.2.0/:/home/artfin/psi4conda/gcc/libexec/gcc/x86_64-unknown-linux-gnu/5.2.0/:/home/artfin/psi4conda/gcc/libexec/gcc/x86_64-unknown-linux-gnu/:/home/artfin/psi4conda/lib/gcc/x86_64-unknown-linux-gnu/5.2.0/:/home/artfin/psi4conda/lib/gcc/x86_64-unknown-linux-gnu/]
  ignore line: [LIBRARY_PATH=/home/artfin/psi4conda/lib/gcc/x86_64-unknown-linux-gnu/5.2.0/:/lib/../lib64/:/home/artfin/psi4conda/lib/gcc/x86_64-unknown-linux-gnu/5.2.0/../../../:/lib/:/usr/lib/]
  ignore line: [COLLECT_GCC_OPTIONS='-v' '-o' 'cmTC_fa723' '-shared-libgcc' '-mtune=generic' '-march=x86-64']
  link line: [ /home/artfin/psi4conda/gcc/libexec/gcc/x86_64-unknown-linux-gnu/5.2.0/collect2 --eh-frame-hdr -m elf_x86_64 -dynamic-linker /lib64/ld-linux-x86-64.so.2 -o cmTC_fa723 /home/artfin/psi4conda/lib/gcc/x86_64-unknown-linux-gnu/5.2.0/crt1.o /home/artfin/psi4conda/lib/gcc/x86_64-unknown-linux-gnu/5.2.0/crti.o /home/artfin/psi4conda/lib/gcc/x86_64-unknown-linux-gnu/5.2.0/crtbegin.o -L/home/artfin/psi4conda/lib/gcc/x86_64-unknown-linux-gnu/5.2.0 -L/lib/../lib64 -L/home/artfin/psi4conda/lib/gcc/x86_64-unknown-linux-gnu/5.2.0/../../.. CMakeFiles/cmTC_fa723.dir/CMakeCXXCompilerABI.cpp.o -lstdc++ -lm -lgcc_s -lgcc -lc -lgcc_s -lgcc /home/artfin/psi4conda/lib/gcc/x86_64-unknown-linux-gnu/5.2.0/crtend.o /home/artfin/psi4conda/lib/gcc/x86_64-unknown-linux-gnu/5.2.0/crtn.o]
    arg [/home/artfin/psi4conda/gcc/libexec/gcc/x86_64-unknown-linux-gnu/5.2.0/collect2] ==> ignore
    arg [--eh-frame-hdr] ==> ignore
    arg [-m] ==> ignore
    arg [elf_x86_64] ==> ignore
    arg [-dynamic-linker] ==> ignore
    arg [/lib64/ld-linux-x86-64.so.2] ==> ignore
    arg [-o] ==> ignore
    arg [cmTC_fa723] ==> ignore
    arg [/home/artfin/psi4conda/lib/gcc/x86_64-unknown-linux-gnu/5.2.0/crt1.o] ==> ignore
    arg [/home/artfin/psi4conda/lib/gcc/x86_64-unknown-linux-gnu/5.2.0/crti.o] ==> ignore
    arg [/home/artfin/psi4conda/lib/gcc/x86_64-unknown-linux-gnu/5.2.0/crtbegin.o] ==> ignore
    arg [-L/home/artfin/psi4conda/lib/gcc/x86_64-unknown-linux-gnu/5.2.0] ==> dir [/home/artfin/psi4conda/lib/gcc/x86_64-unknown-linux-gnu/5.2.0]
    arg [-L/lib/../lib64] ==> dir [/lib/../lib64]
    arg [-L/home/artfin/psi4conda/lib/gcc/x86_64-unknown-linux-gnu/5.2.0/../../..] ==> dir [/home/artfin/psi4conda/lib/gcc/x86_64-unknown-linux-gnu/5.2.0/../../..]
    arg [CMakeFiles/cmTC_fa723.dir/CMakeCXXCompilerABI.cpp.o] ==> ignore
    arg [-lstdc++] ==> lib [stdc++]
    arg [-lm] ==> lib [m]
    arg [-lgcc_s] ==> lib [gcc_s]
    arg [-lgcc] ==> lib [gcc]
    arg [-lc] ==> lib [c]
    arg [-lgcc_s] ==> lib [gcc_s]
    arg [-lgcc] ==> lib [gcc]
    arg [/home/artfin/psi4conda/lib/gcc/x86_64-unknown-linux-gnu/5.2.0/crtend.o] ==> ignore
    arg [/home/artfin/psi4conda/lib/gcc/x86_64-unknown-linux-gnu/5.2.0/crtn.o] ==> ignore
  collapse library dir [/home/artfin/psi4conda/lib/gcc/x86_64-unknown-linux-gnu/5.2.0] ==> [/home/artfin/psi4conda/lib/gcc/x86_64-unknown-linux-gnu/5.2.0]
  collapse library dir [/lib/../lib64] ==> [/lib64]
  collapse library dir [/home/artfin/psi4conda/lib/gcc/x86_64-unknown-linux-gnu/5.2.0/../../..] ==> [/home/artfin/psi4conda/lib]
  implicit libs: [stdc++;m;gcc_s;gcc;c;gcc_s;gcc]
  implicit dirs: [/home/artfin/psi4conda/lib/gcc/x86_64-unknown-linux-gnu/5.2.0;/lib64;/home/artfin/psi4conda/lib]
  implicit fwks: []




Detecting CXX [-std=c++1z] compiler features compiled with the following output:
Change Dir: /home/artfin/Desktop/repos/manolopoulos/CMakeFiles/CMakeTmp

Run Build Command:"/usr/bin/make" "cmTC_555f0/fast"
make[1]: Entering directory '/home/artfin/Desktop/repos/manolopoulos/CMakeFiles/CMakeTmp'
/usr/bin/make -f CMakeFiles/cmTC_555f0.dir/build.make CMakeFiles/cmTC_555f0.dir/build
make[2]: Entering directory '/home/artfin/Desktop/repos/manolopoulos/CMakeFiles/CMakeTmp'
Building CXX object CMakeFiles/cmTC_555f0.dir/feature_tests.cxx.o
/home/artfin/psi4conda/bin/c++    -std=c++1z -o CMakeFiles/cmTC_555f0.dir/feature_tests.cxx.o -c /home/artfin/Desktop/repos/manolopoulos/CMakeFiles/feature_tests.cxx
Linking CXX executable cmTC_555f0
/usr/bin/cmake -E cmake_link_script CMakeFiles/cmTC_555f0.dir/link.txt --verbose=1
/home/artfin/psi4conda/bin/c++       CMakeFiles/cmTC_555f0.dir/feature_tests.cxx.o  -o cmTC_555f0 
make[2]: Leaving directory '/home/artfin/Desktop/repos/manolopoulos/CMakeFiles/CMakeTmp'
make[1]: Leaving directory '/home/artfin/Desktop/repos/manolopoulos/CMakeFiles/CMakeTmp'


    Feature record: CXX_FEATURE:1cxx_aggregate_default_initializers
    Feature record: CXX_FEATURE:1cxx_alias_templates
    Feature record: CXX_FEATURE:1cxx_alignas
    Feature record: CXX_FEATURE:1cxx_alignof
    Feature record: CXX_FEATURE:1cxx_attributes
    Feature record: CXX_FEATURE:1cxx_attribute_deprecated
    Feature record: CXX_FEATURE:1cxx_auto_type
    Feature record: CXX_FEATURE:1cxx_binary_literals
    Feature record: CXX_FEATURE:1cxx_constexpr
    Feature record: CXX_FEATURE:1cxx_contextual_conversions
    Feature record: CXX_FEATURE:1cxx_decltype
    Feature record: CXX_FEATURE:1cxx_decltype_auto
    Feature record: CXX_FEATURE:1cxx_decltype_incomplete_return_types
    Feature record: CXX_FEATURE:1cxx_default_function_template_args
    Feature record: CXX_FEATURE:1cxx_defaulted_functions
    Feature record: CXX_FEATURE:1cxx_defaulted_move_initializers
    Feature record: CXX_FEATURE:1cxx_delegating_constructors
    Feature record: CXX_FEATURE:1cxx_deleted_functions
    Feature record: CXX_FEATURE:1cxx_digit_separators
    Feature record: CXX_FEATURE:1cxx_enum_forward_declarations
    Feature record: CXX_FEATURE:1cxx_explicit_conversions
    Feature record: CXX_FEATURE:1cxx_extended_friend_declarations
    Feature record: CXX_FEATURE:1cxx_extern_templates
    Feature record: CXX_FEATURE:1cxx_final
    Feature record: CXX_FEATURE:1cxx_func_identifier
    Feature record: CXX_FEATURE:1cxx_generalized_initializers
    Feature record: CXX_FEATURE:1cxx_generic_lambdas
    Feature record: CXX_FEATURE:1cxx_inheriting_constructors
    Feature record: CXX_FEATURE:1cxx_inline_namespaces
    Feature record: CXX_FEATURE:1cxx_lambdas
    Feature record: CXX_FEATURE:1cxx_lambda_init_captures
    Feature record: CXX_FEATURE:1cxx_local_type_template_args
    Feature record: CXX_FEATURE:1cxx_long_long_type
    Feature record: CXX_FEATURE:1cxx_noexcept
    Feature record: CXX_FEATURE:1cxx_nonstatic_member_init
    Feature record: CXX_FEATURE:1cxx_nullptr
    Feature record: CXX_FEATURE:1cxx_override
    Feature record: CXX_FEATURE:1cxx_range_for
    Feature record: CXX_FEATURE:1cxx_raw_string_literals
    Feature record: CXX_FEATURE:1cxx_reference_qualified_functions
    Feature record: CXX_FEATURE:1cxx_relaxed_constexpr
    Feature record: CXX_FEATURE:1cxx_return_type_deduction
    Feature record: CXX_FEATURE:1cxx_right_angle_brackets
    Feature record: CXX_FEATURE:1cxx_rvalue_references
    Feature record: CXX_FEATURE:1cxx_sizeof_member
    Feature record: CXX_FEATURE:1cxx_static_assert
    Feature record: CXX_FEATURE:1cxx_strong_enums
    Feature record: CXX_FEATURE:1cxx_template_template_parameters
    Feature record: CXX_FEATURE:1cxx_thread_local
    Feature record: CXX_FEATURE:1cxx_trailing_return_types
    Feature record: CXX_FEATURE:1cxx_unicode_literals
    Feature record: CXX_FEATURE:1cxx_uniform_initialization
    Feature record: CXX_FEATURE:1cxx_unrestricted_unions
    Feature record: CXX_FEATURE:1cxx_user_literals
    Feature record: CXX_FEATURE:1cxx_variable_templates
    Feature record: CXX_FEATURE:1cxx_variadic_macros
    Feature record: CXX_FEATURE:1cxx_variadic_templates


Detecting CXX [-std=c++14] compiler features compiled with the following output:
Change Dir: /home/artfin/Desktop/repos/manolopoulos/CMakeFiles/CMakeTmp

Run Build Command:"/usr/bin/make" "cmTC_186b1/fast"
make[1]: Entering directory '/home/artfin/Desktop/repos/manolopoulos/CMakeFiles/CMakeTmp'
/usr/bin/make -f CMakeFiles/cmTC_186b1.dir/build.make CMakeFiles/cmTC_186b1.dir/build
make[2]: Entering directory '/home/artfin/Desktop/repos/manolopoulos/CMakeFiles/CMakeTmp'
Building CXX object CMakeFiles/cmTC_186b1.dir/feature_tests.cxx.o
/home/artfin/psi4conda/bin/c++    -std=c++14 -o CMakeFiles/cmTC_186b1.dir/feature_tests.cxx.o -c /home/artfin/Desktop/repos/manolopoulos/CMakeFiles/feature_tests.cxx
Linking CXX executable cmTC_186b1
/usr/bin/cmake -E cmake_link_script CMakeFiles/cmTC_186b1.dir/link.txt --verbose=1
/home/artfin/psi4conda/bin/c++       CMakeFiles/cmTC_186b1.dir/feature_tests.cxx.o  -o cmTC_186b1 
make[2]: Leaving directory '/home/artfin/Desktop/repos/manolopoulos/CMakeFiles/CMakeTmp'
make[1]: Leaving directory '/home/artfin/Desktop/repos/manolopoulos/CMakeFiles/CMakeTmp'


    Feature record: CXX_FEATURE:1cxx_aggregate_default_initializers
    Feature record: CXX_FEATURE:1cxx_alias_templates
    Feature record: CXX_FEATURE:1cxx_alignas
    Feature record: CXX_FEATURE:1cxx_alignof
    Feature record: CXX_FEATURE:1cxx_attributes
    Feature record: CXX_FEATURE:1cxx_attribute_deprecated
    Feature record: CXX_FEATURE:1cxx_auto_type
    Feature record: CXX_FEATURE:1cxx_binary_literals
    Feature record: CXX_FEATURE:1cxx_constexpr
    Feature record: CXX_FEATURE:1cxx_contextual_conversions
    Feature record: CXX_FEATURE:1cxx_decltype
    Feature record: CXX_FEATURE:1cxx_decltype_auto
    Feature record: CXX_FEATURE:1cxx_decltype_incomplete_return_types
    Feature record: CXX_FEATURE:1cxx_default_function_template_args
    Feature record: CXX_FEATURE:1cxx_defaulted_functions
    Feature record: CXX_FEATURE:1cxx_defaulted_move_initializers
    Feature record: CXX_FEATURE:1cxx_delegating_constructors
    Feature record: CXX_FEATURE:1cxx_deleted_functions
    Feature record: CXX_FEATURE:1cxx_digit_separators
    Feature record: CXX_FEATURE:1cxx_enum_forward_declarations
    Feature record: CXX_FEATURE:1cxx_explicit_conversions
    Feature record: CXX_FEATURE:1cxx_extended_friend_declarations
    Feature record: CXX_FEATURE:1cxx_extern_templates
    Feature record: CXX_FEATURE:1cxx_final
    Feature record: CXX_FEATURE:1cxx_func_identifier
    Feature record: CXX_FEATURE:1cxx_generalized_initializers
    Feature record: CXX_FEATURE:1cxx_generic_lambdas
    Feature record: CXX_FEATURE:1cxx_inheriting_constructors
    Feature record: CXX_FEATURE:1cxx_inline_namespaces
    Feature record: CXX_FEATURE:1cxx_lambdas
    Feature record: CXX_FEATURE:1cxx_lambda_init_captures
    Feature record: CXX_FEATURE:1cxx_local_type_template_args
    Feature record: CXX_FEATURE:1cxx_long_long_type
    Feature record: CXX_FEATURE:1cxx_noexcept
    Feature record: CXX_FEATURE:1cxx_nonstatic_member_init
    Feature record: CXX_FEATURE:1cxx_nullptr
    Feature record: CXX_FEATURE:1cxx_override
    Feature record: CXX_FEATURE:1cxx_range_for
    Feature record: CXX_FEATURE:1cxx_raw_string_literals
    Feature record: CXX_FEATURE:1cxx_reference_qualified_functions
    Feature record: CXX_FEATURE:1cxx_relaxed_constexpr
    Feature record: CXX_FEATURE:1cxx_return_type_deduction
    Feature record: CXX_FEATURE:1cxx_right_angle_brackets
    Feature record: CXX_FEATURE:1cxx_rvalue_references
    Feature record: CXX_FEATURE:1cxx_sizeof_member
    Feature record: CXX_FEATURE:1cxx_static_assert
    Feature record: CXX_FEATURE:1cxx_strong_enums
    Feature record: CXX_FEATURE:1cxx_template_template_parameters
    Feature record: CXX_FEATURE:1cxx_thread_local
    Feature record: CXX_FEATURE:1cxx_trailing_return_types
    Feature record: CXX_FEATURE:1cxx_unicode_literals
    Feature record: CXX_FEATURE:1cxx_uniform_initialization
    Feature record: CXX_FEATURE:1cxx_unrestricted_unions
    Feature record: CXX_FEATURE:1cxx_user_literals
    Feature record: CXX_FEATURE:1cxx_variable_templates
    Feature record: CXX_FEATURE:1cxx_variadic_macros
    Feature record: CXX_FEATURE:1cxx_variadic_templates


Detecting CXX [-std=c++11] compiler features compiled with the following output:
Change Dir: /home/artfin/Desktop/repos/manolopoulos/CMakeFiles/CMakeTmp

Run Build Command:"/usr/bin/make" "cmTC_9b315/fast"
make[1]: Entering directory '/home/artfin/Desktop/repos/manolopoulos/CMakeFiles/CMakeTmp'
/usr/bin/make -f CMakeFiles/cmTC_9b315.dir/build.make CMakeFiles/cmTC_9b315.dir/build
make[2]: Entering directory '/home/artfin/Desktop/repos/manolopoulos/CMakeFiles/CMakeTmp'
Building CXX object CMakeFiles/cmTC_9b315.dir/feature_tests.cxx.o
/home/artfin/psi4conda/bin/c++    -std=c++11 -o CMakeFiles/cmTC_9b315.dir/feature_tests.cxx.o -c /home/artfin/Desktop/repos/manolopoulos/CMakeFiles/feature_tests.cxx
Linking CXX executable cmTC_9b315
/usr/bin/cmake -E cmake_link_script CMakeFiles/cmTC_9b315.dir/link.txt --verbose=1
/home/artfin/psi4conda/bin/c++       CMakeFiles/cmTC_9b315.dir/feature_tests.cxx.o  -o cmTC_9b315 
make[2]: Leaving directory '/home/artfin/Desktop/repos/manolopoulos/CMakeFiles/CMakeTmp'
make[1]: Leaving directory '/home/artfin/Desktop/repos/manolopoulos/CMakeFiles/CMakeTmp'


    Feature record: CXX_FEATURE:0cxx_aggregate_default_initializers
    Feature record: CXX_FEATURE:1cxx_alias_templates
    Feature record: CXX_FEATURE:1cxx_alignas
    Feature record: CXX_FEATURE:1cxx_alignof
    Feature record: CXX_FEATURE:1cxx_attributes
    Feature record: CXX_FEATURE:0cxx_attribute_deprecated
    Feature record: CXX_FEATURE:1cxx_auto_type
    Feature record: CXX_FEATURE:0cxx_binary_literals
    Feature record: CXX_FEATURE:1cxx_constexpr
    Feature record: CXX_FEATURE:0cxx_contextual_conversions
    Feature record: CXX_FEATURE:1cxx_decltype
    Feature record: CXX_FEATURE:0cxx_decltype_auto
    Feature record: CXX_FEATURE:1cxx_decltype_incomplete_return_types
    Feature record: CXX_FEATURE:1cxx_default_function_template_args
    Feature record: CXX_FEATURE:1cxx_defaulted_functions
    Feature record: CXX_FEATURE:1cxx_defaulted_move_initializers
    Feature record: CXX_FEATURE:1cxx_delegating_constructors
    Feature record: CXX_FEATURE:1cxx_deleted_functions
    Feature record: CXX_FEATURE:0cxx_digit_separators
    Feature record: CXX_FEATURE:1cxx_enum_forward_declarations
    Feature record: CXX_FEATURE:1cxx_explicit_conversions
    Feature record: CXX_FEATURE:1cxx_extended_friend_declarations
    Feature record: CXX_FEATURE:1cxx_extern_templates
    Feature record: CXX_FEATURE:1cxx_final
    Feature record: CXX_FEATURE:1cxx_func_identifier
    Feature record: CXX_FEATURE:1cxx_generalized_initializers
    Feature record: CXX_FEATURE:0cxx_generic_lambdas
    Feature record: CXX_FEATURE:1cxx_inheriting_constructors
    Feature record: CXX_FEATURE:1cxx_inline_namespaces
    Feature record: CXX_FEATURE:1cxx_lambdas
    Feature record: CXX_FEATURE:0cxx_lambda_init_captures
    Feature record: CXX_FEATURE:1cxx_local_type_template_args
    Feature record: CXX_FEATURE:1cxx_long_long_type
    Feature record: CXX_FEATURE:1cxx_noexcept
    Feature record: CXX_FEATURE:1cxx_nonstatic_member_init
    Feature record: CXX_FEATURE:1cxx_nullptr
    Feature record: CXX_FEATURE:1cxx_override
    Feature record: CXX_FEATURE:1cxx_range_for
    Feature record: CXX_FEATURE:1cxx_raw_string_literals
    Feature record: CXX_FEATURE:1cxx_reference_qualified_functions
    Feature record: CXX_FEATURE:0cxx_relaxed_constexpr
    Feature record: CXX_FEATURE:0cxx_return_type_deduction
    Feature record: CXX_FEATURE:1cxx_right_angle_brackets
    Feature record: CXX_FEATURE:1cxx_rvalue_references
    Feature record: CXX_FEATURE:1cxx_sizeof_member
    Feature record: CXX_FEATURE:1cxx_static_assert
    Feature record: CXX_FEATURE:1cxx_strong_enums
    Feature record: CXX_FEATURE:1cxx_template_template_parameters
    Feature record: CXX_FEATURE:1cxx_thread_local
    Feature record: CXX_FEATURE:1cxx_trailing_return_types
    Feature record: CXX_FEATURE:1cxx_unicode_literals
    Feature record: CXX_FEATURE:1cxx_uniform_initialization
    Feature record: CXX_FEATURE:1cxx_unrestricted_unions
    Feature record: CXX_FEATURE:1cxx_user_literals
    Feature record: CXX_FEATURE:0cxx_variable_templates
    Feature record: CXX_FEATURE:1cxx_variadic_macros
    Feature record: CXX_FEATURE:1cxx_variadic_templates


Detecting CXX [-std=c++98] compiler features compiled with the following output:
Change Dir: /home/artfin/Desktop/repos/manolopoulos/CMakeFiles/CMakeTmp

Run Build Command:"/usr/bin/make" "cmTC_fcf64/fast"
make[1]: Entering directory '/home/artfin/Desktop/repos/manolopoulos/CMakeFiles/CMakeTmp'
/usr/bin/make -f CMakeFiles/cmTC_fcf64.dir/build.make CMakeFiles/cmTC_fcf64.dir/build
make[2]: Entering directory '/home/artfin/Desktop/repos/manolopoulos/CMakeFiles/CMakeTmp'
Building CXX object CMakeFiles/cmTC_fcf64.dir/feature_tests.cxx.o
/home/artfin/psi4conda/bin/c++    -std=c++98 -o CMakeFiles/cmTC_fcf64.dir/feature_tests.cxx.o -c /home/artfin/Desktop/repos/manolopoulos/CMakeFiles/feature_tests.cxx
Linking CXX executable cmTC_fcf64
/usr/bin/cmake -E cmake_link_script CMakeFiles/cmTC_fcf64.dir/link.txt --verbose=1
/home/artfin/psi4conda/bin/c++       CMakeFiles/cmTC_fcf64.dir/feature_tests.cxx.o  -o cmTC_fcf64 
make[2]: Leaving directory '/home/artfin/Desktop/repos/manolopoulos/CMakeFiles/CMakeTmp'
make[1]: Leaving directory '/home/artfin/Desktop/repos/manolopoulos/CMakeFiles/CMakeTmp'


    Feature record: CXX_FEATURE:0cxx_aggregate_default_initializers
    Feature record: CXX_FEATURE:0cxx_alias_templates
    Feature record: CXX_FEATURE:0cxx_alignas
    Feature record: CXX_FEATURE:0cxx_alignof
    Feature record: CXX_FEATURE:0cxx_attributes
    Feature record: CXX_FEATURE:0cxx_attribute_deprecated
    Feature record: CXX_FEATURE:0cxx_auto_type
    Feature record: CXX_FEATURE:0cxx_binary_literals
    Feature record: CXX_FEATURE:0cxx_constexpr
    Feature record: CXX_FEATURE:0cxx_contextual_conversions
    Feature record: CXX_FEATURE:0cxx_decltype
    Feature record: CXX_FEATURE:0cxx_decltype_auto
    Feature record: CXX_FEATURE:0cxx_decltype_incomplete_return_types
    Feature record: CXX_FEATURE:0cxx_default_function_template_args
    Feature record: CXX_FEATURE:0cxx_defaulted_functions
    Feature record: CXX_FEATURE:0cxx_defaulted_move_initializers
    Feature record: CXX_FEATURE:0cxx_delegating_constructors
    Feature record: CXX_FEATURE:0cxx_deleted_functions
    Feature record: CXX_FEATURE:0cxx_digit_separators
    Feature record: CXX_FEATURE:0cxx_enum_forward_declarations
    Feature record: CXX_FEATURE:0cxx_explicit_conversions
    Feature record: CXX_FEATURE:0cxx_extended_friend_declarations
    Feature record: CXX_FEATURE:0cxx_extern_templates
    Feature record: CXX_FEATURE:0cxx_final
    Feature record: CXX_FEATURE:0cxx_func_identifier
    Feature record: CXX_FEATURE:0cxx_generalized_initializers
    Feature record: CXX_FEATURE:0cxx_generic_lambdas
    Feature record: CXX_FEATURE:0cxx_inheriting_constructors
    Feature record: CXX_FEATURE:0cxx_inline_namespaces
    Feature record: CXX_FEATURE:0cxx_lambdas
    Feature record: CXX_FEATURE:0cxx_lambda_init_captures
    Feature record: CXX_FEATURE:0cxx_local_type_template_args
    Feature record: CXX_FEATURE:0cxx_long_long_type
    Feature record: CXX_FEATURE:0cxx_noexcept
    Feature record: CXX_FEATURE:0cxx_nonstatic_member_init
    Feature record: CXX_FEATURE:0cxx_nullptr
    Feature record: CXX_FEATURE:0cxx_override
    Feature record: CXX_FEATURE:0cxx_range_for
    Feature record: CXX_FEATURE:0cxx_raw_string_literals
    Feature record: CXX_FEATURE:0cxx_reference_qualified_functions
    Feature record: CXX_FEATURE:0cxx_relaxed_constexpr
    Feature record: CXX_FEATURE:0cxx_return_type_deduction
    Feature record: CXX_FEATURE:0cxx_right_angle_brackets
    Feature record: CXX_FEATURE:0cxx_rvalue_references
    Feature record: CXX_FEATURE:0cxx_sizeof_member
    Feature record: CXX_FEATURE:0cxx_static_assert
    Feature record: CXX_FEATURE:0cxx_strong_enums
    Feature record: CXX_FEATURE:1cxx_template_template_parameters
    Feature record: CXX_FEATURE:0cxx_thread_local
    Feature record: CXX_FEATURE:0cxx_trailing_return_types
    Feature record: CXX_FEATURE:0cxx_unicode_literals
    Feature record: CXX_FEATURE:0cxx_uniform_initialization
    Feature record: CXX_FEATURE:0cxx_unrestricted_unions
    Feature record: CXX_FEATURE:0cxx_user_literals
    Feature record: CXX_FEATURE:0cxx_variable_templates
    Feature record: CXX_FEATURE:0cxx_variadic_macros
    Feature record: CXX_FEATURE:0cxx_variadic_templates
